0 verbose cli /opt/homebrew/Cellar/node/25.4.0/bin/node /opt/homebrew/bin/npm
1 info using npm@11.7.0
2 info using node@v25.4.0
3 silly config load:file:/opt/homebrew/lib/node_modules/npm/npmrc
4 silly config load:file:/Users/oz/src/Antigravity/dietRecipe2/.npmrc
5 silly config load:file:/Users/oz/.npmrc
6 silly config load:file:/opt/homebrew/etc/npmrc
7 verbose title npm install tailwindcss@3.4.17 postcss autoprefixer
8 verbose argv "install" "tailwindcss@3.4.17" "postcss" "autoprefixer" "--save-dev"
9 verbose logfile logs-max:10 dir:/Users/oz/src/Antigravity/dietRecipe2/.npm-cache/_logs/2026-01-27T20_45_29_333Z-
10 verbose logfile /Users/oz/src/Antigravity/dietRecipe2/.npm-cache/_logs/2026-01-27T20_45_29_333Z-debug-0.log
11 silly logfile done cleaning log files
12 silly packumentCache heap:4496293888 maxSize:1124073472 maxEntrySize:562036736
13 silly idealTree buildDeps
14 silly fetch manifest autoprefixer@^10.4.23
15 silly packumentCache full:https://registry.npmjs.org/autoprefixer cache-miss
16 http cache https://registry.npmjs.org/autoprefixer 54ms (cache hit)
17 silly packumentCache full:https://registry.npmjs.org/autoprefixer set size:1261581 disposed:false
18 silly fetch manifest postcss@^8.5.6
19 silly packumentCache full:https://registry.npmjs.org/postcss cache-miss
20 http cache https://registry.npmjs.org/postcss 5ms (cache hit)
21 silly packumentCache full:https://registry.npmjs.org/postcss set size:696248 disposed:false
22 silly fetch manifest tailwindcss@3.4.17
23 silly packumentCache full:https://registry.npmjs.org/tailwindcss cache-miss
24 http cache https://registry.npmjs.org/tailwindcss 40ms (cache hit)
25 silly packumentCache full:https://registry.npmjs.org/tailwindcss set size:10106959 disposed:false
26 silly placeDep ROOT autoprefixer@10.4.23 REPLACE for: nutrichef@0.0.0 want: ^10.4.23
27 silly placeDep ROOT postcss@8.5.6 REPLACE for: nutrichef@0.0.0 want: ^8.5.6
28 silly placeDep ROOT tailwindcss@3.4.17 OK for: nutrichef@0.0.0 want: 3.4.17
29 silly fetch manifest arg@^5.0.2
30 silly packumentCache full:https://registry.npmjs.org/arg cache-miss
31 silly fetch manifest dlv@^1.1.3
32 silly packumentCache full:https://registry.npmjs.org/dlv cache-miss
33 silly fetch manifest jiti@^1.21.6
34 silly packumentCache full:https://registry.npmjs.org/jiti cache-miss
35 silly fetch manifest resolve@^1.22.8
36 silly packumentCache full:https://registry.npmjs.org/resolve cache-miss
37 silly fetch manifest sucrase@^3.35.0
38 silly packumentCache full:https://registry.npmjs.org/sucrase cache-miss
39 silly fetch manifest chokidar@^3.6.0
40 silly packumentCache full:https://registry.npmjs.org/chokidar cache-miss
41 silly fetch manifest fast-glob@^3.3.2
42 silly packumentCache full:https://registry.npmjs.org/fast-glob cache-miss
43 http cache https://registry.npmjs.org/jiti 62ms (cache hit)
44 silly packumentCache full:https://registry.npmjs.org/jiti set size:382310 disposed:false
45 silly fetch manifest lilconfig@^3.1.3
46 silly packumentCache full:https://registry.npmjs.org/lilconfig cache-miss
47 http fetch GET 200 https://registry.npmjs.org/arg 159ms (cache miss)
48 silly packumentCache full:https://registry.npmjs.org/arg set size:undefined disposed:false
49 silly fetch manifest didyoumean@^1.2.2
50 silly packumentCache full:https://registry.npmjs.org/didyoumean cache-miss
51 http fetch GET 200 https://registry.npmjs.org/didyoumean 34ms (cache miss)
52 silly packumentCache full:https://registry.npmjs.org/didyoumean set size:undefined disposed:false
53 silly fetch manifest micromatch@^4.0.8
54 silly packumentCache full:https://registry.npmjs.org/micromatch cache-miss
55 http fetch GET 200 https://registry.npmjs.org/sucrase 219ms (cache miss)
56 silly packumentCache full:https://registry.npmjs.org/sucrase set size:undefined disposed:false
57 silly fetch manifest postcss-js@^4.0.1
58 silly packumentCache full:https://registry.npmjs.org/postcss-js cache-miss
59 http fetch GET 200 https://registry.npmjs.org/fast-glob 227ms (cache miss)
60 silly packumentCache full:https://registry.npmjs.org/fast-glob set size:undefined disposed:false
61 silly fetch manifest object-hash@^3.0.0
62 silly packumentCache full:https://registry.npmjs.org/object-hash cache-miss
63 http fetch GET 200 https://registry.npmjs.org/micromatch 51ms (cache miss)
64 silly packumentCache full:https://registry.npmjs.org/micromatch set size:undefined disposed:false
65 silly fetch manifest normalize-path@^3.0.0
66 silly packumentCache full:https://registry.npmjs.org/normalize-path cache-miss
67 http fetch GET 200 https://registry.npmjs.org/resolve 247ms (cache miss)
68 silly packumentCache full:https://registry.npmjs.org/resolve set size:undefined disposed:false
69 silly fetch manifest postcss-import@^15.1.0
70 silly packumentCache full:https://registry.npmjs.org/postcss-import cache-miss
71 http fetch GET 200 https://registry.npmjs.org/chokidar 254ms (cache miss)
72 silly packumentCache full:https://registry.npmjs.org/chokidar set size:undefined disposed:false
73 silly fetch manifest postcss-nested@^6.2.0
74 silly packumentCache full:https://registry.npmjs.org/postcss-nested cache-miss
75 http fetch GET 200 https://registry.npmjs.org/postcss-js 34ms (cache miss)
76 silly packumentCache full:https://registry.npmjs.org/postcss-js set size:undefined disposed:false
77 silly fetch manifest @alloc/quick-lru@^5.2.0
78 silly packumentCache full:https://registry.npmjs.org/@alloc%2fquick-lru cache-miss
79 http fetch GET 200 https://registry.npmjs.org/object-hash 34ms (cache miss)
80 silly packumentCache full:https://registry.npmjs.org/object-hash set size:undefined disposed:false
81 silly fetch manifest postcss-load-config@^4.0.2
82 silly packumentCache full:https://registry.npmjs.org/postcss-load-config cache-miss
83 http fetch GET 200 https://registry.npmjs.org/lilconfig 200ms (cache miss)
84 silly packumentCache full:https://registry.npmjs.org/lilconfig set size:undefined disposed:false
85 silly fetch manifest postcss-selector-parser@^6.1.2
86 silly packumentCache full:https://registry.npmjs.org/postcss-selector-parser cache-miss
87 http fetch GET 200 https://registry.npmjs.org/normalize-path 37ms (cache miss)
88 silly packumentCache full:https://registry.npmjs.org/normalize-path set size:undefined disposed:false
89 http fetch GET 200 https://registry.npmjs.org/postcss-import 35ms (cache miss)
90 silly packumentCache full:https://registry.npmjs.org/postcss-import set size:undefined disposed:false
91 http fetch GET 200 https://registry.npmjs.org/postcss-nested 30ms (cache miss)
92 silly packumentCache full:https://registry.npmjs.org/postcss-nested set size:undefined disposed:false
93 http fetch GET 200 https://registry.npmjs.org/@alloc%2fquick-lru 43ms (cache miss)
94 silly packumentCache full:https://registry.npmjs.org/@alloc%2fquick-lru set size:undefined disposed:false
95 http fetch GET 200 https://registry.npmjs.org/postcss-load-config 47ms (cache miss)
96 silly packumentCache full:https://registry.npmjs.org/postcss-load-config set size:undefined disposed:false
97 http fetch GET 200 https://registry.npmjs.org/dlv 313ms (cache miss)
98 silly packumentCache full:https://registry.npmjs.org/dlv set size:undefined disposed:false
99 http fetch GET 200 https://registry.npmjs.org/postcss-selector-parser 53ms (cache miss)
100 silly packumentCache full:https://registry.npmjs.org/postcss-selector-parser set size:undefined disposed:false
101 silly fetch manifest postcss@^8.4.47
102 silly packumentCache full:https://registry.npmjs.org/postcss cache-hit
103 silly fetch manifest ts-node@>=9.0.0
104 silly packumentCache full:https://registry.npmjs.org/ts-node cache-miss
105 http fetch GET 200 https://registry.npmjs.org/ts-node 40ms (cache miss)
106 silly packumentCache full:https://registry.npmjs.org/ts-node set size:undefined disposed:false
107 silly fetch manifest @swc/core@>=1.2.50
108 silly packumentCache full:https://registry.npmjs.org/@swc%2fcore cache-miss
109 http fetch GET 200 https://registry.npmjs.org/@swc%2fcore 83ms (cache miss)
110 silly packumentCache full:https://registry.npmjs.org/@swc%2fcore set size:undefined disposed:false
111 silly fetch manifest @swc/helpers@>=0.5.17
112 silly packumentCache full:https://registry.npmjs.org/@swc%2fhelpers cache-miss
113 http fetch GET 200 https://registry.npmjs.org/@swc%2fhelpers 62ms (cache miss)
114 silly packumentCache full:https://registry.npmjs.org/@swc%2fhelpers set size:undefined disposed:false
115 silly fetch manifest @swc/wasm@>=1.2.50
116 silly packumentCache full:https://registry.npmjs.org/@swc%2fwasm cache-miss
117 http fetch GET 200 https://registry.npmjs.org/@swc%2fwasm 70ms (cache miss)
118 silly packumentCache full:https://registry.npmjs.org/@swc%2fwasm set size:undefined disposed:false
119 silly fetch manifest @types/node@*
120 silly packumentCache full:https://registry.npmjs.org/@types%2fnode cache-miss
121 http cache https://registry.npmjs.org/@types%2fnode 43ms (cache hit)
122 silly packumentCache full:https://registry.npmjs.org/@types%2fnode set size:10801274 disposed:false
123 silly fetch manifest typescript@>=2.7
124 silly packumentCache full:https://registry.npmjs.org/typescript cache-miss
125 http cache https://registry.npmjs.org/typescript 21ms (cache hit)
126 silly packumentCache full:https://registry.npmjs.org/typescript set size:15174725 disposed:false
127 silly placeDep ROOT @alloc/quick-lru@5.2.0 OK for: tailwindcss@3.4.17 want: ^5.2.0
128 silly placeDep ROOT arg@5.0.2 OK for: tailwindcss@3.4.17 want: ^5.0.2
129 silly placeDep ROOT chokidar@3.6.0 OK for: tailwindcss@3.4.17 want: ^3.6.0
130 silly placeDep ROOT didyoumean@1.2.2 OK for: tailwindcss@3.4.17 want: ^1.2.2
131 silly placeDep ROOT dlv@1.1.3 OK for: tailwindcss@3.4.17 want: ^1.1.3
132 silly placeDep ROOT fast-glob@3.3.3 OK for: tailwindcss@3.4.17 want: ^3.3.2
133 silly placeDep ROOT jiti@1.21.7 OK for: tailwindcss@3.4.17 want: ^1.21.6
134 silly placeDep ROOT lilconfig@3.1.3 OK for: tailwindcss@3.4.17 want: ^3.1.3
135 silly placeDep ROOT micromatch@4.0.8 OK for: tailwindcss@3.4.17 want: ^4.0.8
136 silly placeDep ROOT normalize-path@3.0.0 OK for: tailwindcss@3.4.17 want: ^3.0.0
137 silly placeDep ROOT object-hash@3.0.0 OK for: tailwindcss@3.4.17 want: ^3.0.0
138 silly placeDep ROOT postcss-import@15.1.0 OK for: tailwindcss@3.4.17 want: ^15.1.0
139 silly placeDep ROOT postcss-js@4.1.0 OK for: tailwindcss@3.4.17 want: ^4.0.1
140 silly placeDep ROOT postcss-load-config@4.0.2 OK for: tailwindcss@3.4.17 want: ^4.0.2
141 silly placeDep ROOT postcss-nested@6.2.0 OK for: tailwindcss@3.4.17 want: ^6.2.0
142 silly placeDep ROOT postcss-selector-parser@6.1.2 OK for: tailwindcss@3.4.17 want: ^6.1.2
143 silly placeDep ROOT resolve@1.22.11 OK for: tailwindcss@3.4.17 want: ^1.22.8
144 silly placeDep ROOT sucrase@3.35.1 OK for: tailwindcss@3.4.17 want: ^3.35.0
145 silly fetch manifest braces@~3.0.2
146 silly packumentCache full:https://registry.npmjs.org/braces cache-miss
147 silly fetch manifest anymatch@~3.1.2
148 silly packumentCache full:https://registry.npmjs.org/anymatch cache-miss
149 silly fetch manifest readdirp@~3.6.0
150 silly packumentCache full:https://registry.npmjs.org/readdirp cache-miss
151 silly fetch manifest glob-parent@~5.1.2
152 silly packumentCache full:https://registry.npmjs.org/glob-parent cache-miss
153 silly fetch manifest is-binary-path@~2.1.0
154 silly packumentCache full:https://registry.npmjs.org/is-binary-path cache-miss
155 silly fetch manifest normalize-path@~3.0.0
156 silly packumentCache full:https://registry.npmjs.org/normalize-path cache-miss
157 silly fetch manifest @nodelib/fs.stat@^2.0.2
158 silly packumentCache full:https://registry.npmjs.org/@nodelib%2ffs.stat cache-miss
159 http cache https://registry.npmjs.org/normalize-path 17ms (cache hit)
160 silly packumentCache full:https://registry.npmjs.org/normalize-path set size:28713 disposed:false
161 silly fetch manifest @nodelib/fs.walk@^1.2.3
162 silly packumentCache full:https://registry.npmjs.org/@nodelib%2ffs.walk cache-miss
163 http cache https://registry.npmjs.org/glob-parent 24ms (cache hit)
164 silly packumentCache full:https://registry.npmjs.org/glob-parent set size:42445 disposed:false
165 silly fetch manifest glob-parent@^5.1.2
166 silly packumentCache full:https://registry.npmjs.org/glob-parent cache-hit
167 silly fetch manifest merge2@^1.3.0
168 silly packumentCache full:https://registry.npmjs.org/merge2 cache-miss
169 http fetch GET 200 https://registry.npmjs.org/braces 32ms (cache miss)
170 silly packumentCache full:https://registry.npmjs.org/braces set size:undefined disposed:false
171 silly fetch manifest braces@^3.0.3
172 silly packumentCache full:https://registry.npmjs.org/braces cache-miss
173 http fetch GET 200 https://registry.npmjs.org/is-binary-path 33ms (cache miss)
174 silly packumentCache full:https://registry.npmjs.org/is-binary-path set size:undefined disposed:false
175 silly fetch manifest picomatch@^2.3.1
176 silly packumentCache full:https://registry.npmjs.org/picomatch cache-miss
177 http fetch GET 200 https://registry.npmjs.org/readdirp 41ms (cache miss)
178 silly packumentCache full:https://registry.npmjs.org/readdirp set size:undefined disposed:false
179 silly fetch manifest resolve@^1.1.7
180 silly packumentCache full:https://registry.npmjs.org/resolve cache-miss
181 http fetch GET 200 https://registry.npmjs.org/anymatch 59ms (cache miss)
182 silly packumentCache full:https://registry.npmjs.org/anymatch set size:undefined disposed:false
183 silly fetch manifest read-cache@^1.0.0
184 silly packumentCache full:https://registry.npmjs.org/read-cache cache-miss
185 http fetch GET 200 https://registry.npmjs.org/@nodelib%2ffs.stat 64ms (cache miss)
186 silly packumentCache full:https://registry.npmjs.org/@nodelib%2ffs.stat set size:undefined disposed:false
187 silly fetch manifest camelcase-css@^2.0.1
188 silly packumentCache full:https://registry.npmjs.org/camelcase-css cache-miss
189 http fetch GET 200 https://registry.npmjs.org/@nodelib%2ffs.walk 47ms (cache miss)
190 silly packumentCache full:https://registry.npmjs.org/@nodelib%2ffs.walk set size:undefined disposed:false
191 silly fetch manifest yaml@^2.3.4
192 silly packumentCache full:https://registry.npmjs.org/yaml cache-miss
193 http fetch GET 200 https://registry.npmjs.org/merge2 47ms (cache miss)
194 silly packumentCache full:https://registry.npmjs.org/merge2 set size:undefined disposed:false
195 silly fetch manifest postcss-selector-parser@^6.1.1
196 silly packumentCache full:https://registry.npmjs.org/postcss-selector-parser cache-miss
197 http cache https://registry.npmjs.org/braces 40ms (cache hit)
198 silly packumentCache full:https://registry.npmjs.org/braces set size:114529 disposed:false
199 silly fetch manifest cssesc@^3.0.0
200 silly packumentCache full:https://registry.npmjs.org/cssesc cache-miss
201 http cache https://registry.npmjs.org/picomatch 65ms (cache hit)
202 silly packumentCache full:https://registry.npmjs.org/picomatch set size:118818 disposed:false
203 silly fetch manifest util-deprecate@^1.0.2
204 silly packumentCache full:https://registry.npmjs.org/util-deprecate cache-miss
205 http cache https://registry.npmjs.org/resolve 63ms (cache hit)
206 silly packumentCache full:https://registry.npmjs.org/resolve set size:246681 disposed:false
207 silly fetch manifest is-core-module@^2.16.1
208 silly packumentCache full:https://registry.npmjs.org/is-core-module cache-miss
209 http cache https://registry.npmjs.org/postcss-selector-parser 34ms (cache hit)
210 silly packumentCache full:https://registry.npmjs.org/postcss-selector-parser set size:177140 disposed:false
211 silly fetch manifest path-parse@^1.0.7
212 silly packumentCache full:https://registry.npmjs.org/path-parse cache-miss
213 http fetch GET 200 https://registry.npmjs.org/read-cache 50ms (cache miss)
214 silly packumentCache full:https://registry.npmjs.org/read-cache set size:undefined disposed:false
215 silly fetch manifest supports-preserve-symlinks-flag@^1.0.0
216 silly packumentCache full:https://registry.npmjs.org/supports-preserve-symlinks-flag cache-miss
217 http fetch GET 200 https://registry.npmjs.org/camelcase-css 46ms (cache miss)
218 silly packumentCache full:https://registry.npmjs.org/camelcase-css set size:undefined disposed:false
219 silly fetch manifest commander@^4.0.0
220 silly packumentCache full:https://registry.npmjs.org/commander cache-miss
221 http cache https://registry.npmjs.org/yaml 47ms (cache hit)
222 silly packumentCache full:https://registry.npmjs.org/yaml set size:364997 disposed:false
223 silly fetch manifest lines-and-columns@^1.1.6
224 silly packumentCache full:https://registry.npmjs.org/lines-and-columns cache-miss
225 http fetch GET 200 https://registry.npmjs.org/cssesc 48ms (cache miss)
226 silly packumentCache full:https://registry.npmjs.org/cssesc set size:undefined disposed:false
227 silly fetch manifest mz@^2.7.0
228 silly packumentCache full:https://registry.npmjs.org/mz cache-miss
229 http fetch GET 200 https://registry.npmjs.org/util-deprecate 38ms (cache miss)
230 silly packumentCache full:https://registry.npmjs.org/util-deprecate set size:undefined disposed:false
231 silly fetch manifest pirates@^4.0.1
232 silly packumentCache full:https://registry.npmjs.org/pirates cache-miss
233 http fetch GET 200 https://registry.npmjs.org/path-parse 32ms (cache miss)
234 silly packumentCache full:https://registry.npmjs.org/path-parse set size:undefined disposed:false
235 silly fetch manifest ts-interface-checker@^0.1.9
236 silly packumentCache full:https://registry.npmjs.org/ts-interface-checker cache-miss
237 http fetch GET 200 https://registry.npmjs.org/supports-preserve-symlinks-flag 35ms (cache miss)
238 silly packumentCache full:https://registry.npmjs.org/supports-preserve-symlinks-flag set size:undefined disposed:false
239 http fetch GET 200 https://registry.npmjs.org/lines-and-columns 53ms (cache miss)
240 silly packumentCache full:https://registry.npmjs.org/lines-and-columns set size:undefined disposed:false
241 http fetch GET 200 https://registry.npmjs.org/is-core-module 64ms (cache miss)
242 silly packumentCache full:https://registry.npmjs.org/is-core-module set size:undefined disposed:false
243 http fetch GET 200 https://registry.npmjs.org/mz 48ms (cache miss)
244 silly packumentCache full:https://registry.npmjs.org/mz set size:undefined disposed:false
245 http fetch GET 200 https://registry.npmjs.org/commander 61ms (cache miss)
246 silly packumentCache full:https://registry.npmjs.org/commander set size:undefined disposed:false
247 http fetch GET 200 https://registry.npmjs.org/ts-interface-checker 35ms (cache miss)
248 silly packumentCache full:https://registry.npmjs.org/ts-interface-checker set size:undefined disposed:false
249 http fetch GET 200 https://registry.npmjs.org/pirates 53ms (cache miss)
250 silly packumentCache full:https://registry.npmjs.org/pirates set size:undefined disposed:false
251 silly placeDep ROOT anymatch@3.1.3 OK for: chokidar@3.6.0 want: ~3.1.2
252 silly placeDep ROOT braces@3.0.3 OK for: chokidar@3.6.0 want: ~3.0.2
253 silly placeDep node_modules/chokidar glob-parent@5.1.2 OK for: chokidar@3.6.0 want: ~5.1.2
254 silly placeDep ROOT is-binary-path@2.1.0 OK for: chokidar@3.6.0 want: ~2.1.0
255 silly placeDep ROOT readdirp@3.6.0 OK for: chokidar@3.6.0 want: ~3.6.0
256 silly fetch manifest picomatch@^2.0.4
257 silly packumentCache full:https://registry.npmjs.org/picomatch cache-hit
258 silly fetch manifest fill-range@^7.1.1
259 silly packumentCache full:https://registry.npmjs.org/fill-range cache-miss
260 silly fetch manifest binary-extensions@^2.0.0
261 silly packumentCache full:https://registry.npmjs.org/binary-extensions cache-miss
262 silly fetch manifest picomatch@^2.2.1
263 silly packumentCache full:https://registry.npmjs.org/picomatch cache-hit
264 http fetch GET 200 https://registry.npmjs.org/fill-range 34ms (cache miss)
265 silly packumentCache full:https://registry.npmjs.org/fill-range set size:undefined disposed:false
266 http fetch GET 200 https://registry.npmjs.org/binary-extensions 53ms (cache miss)
267 silly packumentCache full:https://registry.npmjs.org/binary-extensions set size:undefined disposed:false
268 silly placeDep node_modules/anymatch picomatch@2.3.1 OK for: anymatch@3.1.3 want: ^2.0.4
269 silly placeDep ROOT fill-range@7.1.1 OK for: braces@3.0.3 want: ^7.1.1
270 silly fetch manifest to-regex-range@^5.0.1
271 silly packumentCache full:https://registry.npmjs.org/to-regex-range cache-miss
272 http fetch GET 200 https://registry.npmjs.org/to-regex-range 35ms (cache miss)
273 silly packumentCache full:https://registry.npmjs.org/to-regex-range set size:undefined disposed:false
274 silly placeDep ROOT @nodelib/fs.stat@2.0.5 OK for: fast-glob@3.3.3 want: ^2.0.2
275 silly placeDep ROOT @nodelib/fs.walk@1.2.8 OK for: fast-glob@3.3.3 want: ^1.2.3
276 silly placeDep node_modules/fast-glob glob-parent@5.1.2 OK for: fast-glob@3.3.3 want: ^5.1.2
277 silly placeDep ROOT merge2@1.4.1 OK for: fast-glob@3.3.3 want: ^1.3.0
278 silly fetch manifest fastq@^1.6.0
279 silly packumentCache full:https://registry.npmjs.org/fastq cache-miss
280 silly fetch manifest @nodelib/fs.scandir@2.1.5
281 silly packumentCache full:https://registry.npmjs.org/@nodelib%2ffs.scandir cache-miss
282 http fetch GET 200 https://registry.npmjs.org/fastq 36ms (cache miss)
283 silly packumentCache full:https://registry.npmjs.org/fastq set size:undefined disposed:false
284 http fetch GET 200 https://registry.npmjs.org/@nodelib%2ffs.scandir 50ms (cache miss)
285 silly packumentCache full:https://registry.npmjs.org/@nodelib%2ffs.scandir set size:undefined disposed:false
286 silly placeDep ROOT @nodelib/fs.scandir@2.1.5 OK for: @nodelib/fs.walk@1.2.8 want: 2.1.5
287 silly placeDep ROOT fastq@1.20.1 OK for: @nodelib/fs.walk@1.2.8 want: ^1.6.0
288 silly fetch manifest run-parallel@^1.1.9
289 silly packumentCache full:https://registry.npmjs.org/run-parallel cache-miss
290 silly fetch manifest reusify@^1.0.4
291 silly packumentCache full:https://registry.npmjs.org/reusify cache-miss
292 http fetch GET 200 https://registry.npmjs.org/run-parallel 34ms (cache miss)
293 silly packumentCache full:https://registry.npmjs.org/run-parallel set size:undefined disposed:false
294 http fetch GET 200 https://registry.npmjs.org/reusify 55ms (cache miss)
295 silly packumentCache full:https://registry.npmjs.org/reusify set size:undefined disposed:false
296 silly placeDep ROOT run-parallel@1.2.0 OK for: @nodelib/fs.scandir@2.1.5 want: ^1.1.9
297 silly fetch manifest queue-microtask@^1.2.2
298 silly packumentCache full:https://registry.npmjs.org/queue-microtask cache-miss
299 http fetch GET 200 https://registry.npmjs.org/queue-microtask 30ms (cache miss)
300 silly packumentCache full:https://registry.npmjs.org/queue-microtask set size:undefined disposed:false
301 silly placeDep ROOT reusify@1.1.0 OK for: fastq@1.20.1 want: ^1.0.4
302 silly placeDep ROOT to-regex-range@5.0.1 OK for: fill-range@7.1.1 want: ^5.0.1
303 silly fetch manifest is-number@^7.0.0
304 silly packumentCache full:https://registry.npmjs.org/is-number cache-miss
305 http fetch GET 200 https://registry.npmjs.org/is-number 44ms (cache miss)
306 silly packumentCache full:https://registry.npmjs.org/is-number set size:undefined disposed:false
307 silly placeDep ROOT binary-extensions@2.3.0 OK for: is-binary-path@2.1.0 want: ^2.0.0
308 silly placeDep node_modules/micromatch picomatch@2.3.1 OK for: micromatch@4.0.8 want: ^2.3.1
309 silly placeDep ROOT read-cache@1.0.0 OK for: postcss-import@15.1.0 want: ^1.0.0
310 silly fetch manifest pify@^2.3.0
311 silly packumentCache full:https://registry.npmjs.org/pify cache-miss
312 http fetch GET 200 https://registry.npmjs.org/pify 38ms (cache miss)
313 silly packumentCache full:https://registry.npmjs.org/pify set size:undefined disposed:false
314 silly placeDep ROOT camelcase-css@2.0.1 OK for: postcss-js@4.1.0 want: ^2.0.1
315 silly placeDep ROOT yaml@2.8.2 OK for: postcss-load-config@4.0.2 want: ^2.3.4
316 silly placeDep ROOT cssesc@3.0.0 OK for: postcss-selector-parser@6.1.2 want: ^3.0.0
317 silly placeDep ROOT util-deprecate@1.0.2 OK for: postcss-selector-parser@6.1.2 want: ^1.0.2
318 silly placeDep ROOT pify@2.3.0 OK for: read-cache@1.0.0 want: ^2.3.0
319 silly placeDep node_modules/readdirp picomatch@2.3.1 OK for: readdirp@3.6.0 want: ^2.2.1
320 silly placeDep ROOT is-core-module@2.16.1 OK for: resolve@1.22.11 want: ^2.16.1
321 silly placeDep ROOT path-parse@1.0.7 OK for: resolve@1.22.11 want: ^1.0.7
322 silly placeDep ROOT supports-preserve-symlinks-flag@1.0.0 OK for: resolve@1.22.11 want: ^1.0.0
323 silly fetch manifest hasown@^2.0.2
324 silly packumentCache full:https://registry.npmjs.org/hasown cache-miss
325 http fetch GET 200 https://registry.npmjs.org/hasown 33ms (cache miss)
326 silly packumentCache full:https://registry.npmjs.org/hasown set size:undefined disposed:false
327 silly placeDep ROOT hasown@2.0.2 OK for: is-core-module@2.16.1 want: ^2.0.2
328 silly fetch manifest function-bind@^1.1.2
329 silly packumentCache full:https://registry.npmjs.org/function-bind cache-miss
330 http fetch GET 200 https://registry.npmjs.org/function-bind 32ms (cache miss)
331 silly packumentCache full:https://registry.npmjs.org/function-bind set size:undefined disposed:false
332 silly placeDep ROOT function-bind@1.1.2 OK for: hasown@2.0.2 want: ^1.1.2
333 silly placeDep ROOT queue-microtask@1.2.3 OK for: run-parallel@1.2.0 want: ^1.2.2
334 silly placeDep ROOT commander@4.1.1 OK for: sucrase@3.35.1 want: ^4.0.0
335 silly placeDep ROOT lines-and-columns@1.2.4 OK for: sucrase@3.35.1 want: ^1.1.6
336 silly placeDep ROOT mz@2.7.0 OK for: sucrase@3.35.1 want: ^2.7.0
337 silly placeDep ROOT pirates@4.0.7 OK for: sucrase@3.35.1 want: ^4.0.1
338 silly placeDep ROOT ts-interface-checker@0.1.13 OK for: sucrase@3.35.1 want: ^0.1.9
339 silly fetch manifest any-promise@^1.0.0
340 silly packumentCache full:https://registry.npmjs.org/any-promise cache-miss
341 silly fetch manifest object-assign@^4.0.1
342 silly packumentCache full:https://registry.npmjs.org/object-assign cache-miss
343 silly fetch manifest thenify-all@^1.0.0
344 silly packumentCache full:https://registry.npmjs.org/thenify-all cache-miss
345 http fetch GET 200 https://registry.npmjs.org/any-promise 30ms (cache miss)
346 silly packumentCache full:https://registry.npmjs.org/any-promise set size:undefined disposed:false
347 http fetch GET 200 https://registry.npmjs.org/thenify-all 43ms (cache miss)
348 silly packumentCache full:https://registry.npmjs.org/thenify-all set size:undefined disposed:false
349 http fetch GET 200 https://registry.npmjs.org/object-assign 49ms (cache miss)
350 silly packumentCache full:https://registry.npmjs.org/object-assign set size:undefined disposed:false
351 silly placeDep ROOT any-promise@1.3.0 OK for: mz@2.7.0 want: ^1.0.0
352 silly placeDep ROOT object-assign@4.1.1 OK for: mz@2.7.0 want: ^4.0.1
353 silly placeDep ROOT thenify-all@1.6.0 OK for: mz@2.7.0 want: ^1.0.0
354 silly fetch manifest thenify@>= 3.1.0 < 4
355 silly packumentCache full:https://registry.npmjs.org/thenify cache-miss
356 http fetch GET 200 https://registry.npmjs.org/thenify 31ms (cache miss)
357 silly packumentCache full:https://registry.npmjs.org/thenify set size:undefined disposed:false
358 silly placeDep ROOT thenify@3.3.1 OK for: thenify-all@1.6.0 want: >= 3.1.0 < 4
359 silly placeDep ROOT is-number@7.0.0 OK for: to-regex-range@5.0.1 want: ^7.0.0
360 silly reify moves {}
361 silly audit bulk request {
361 silly audit   '@babel/code-frame': [ '7.28.6' ],
361 silly audit   '@babel/compat-data': [ '7.28.6' ],
361 silly audit   '@babel/core': [ '7.28.6' ],
361 silly audit   '@babel/generator': [ '7.28.6' ],
361 silly audit   '@babel/helper-compilation-targets': [ '7.28.6' ],
361 silly audit   '@babel/helper-globals': [ '7.28.0' ],
361 silly audit   '@babel/helper-module-imports': [ '7.28.6' ],
361 silly audit   '@babel/helper-module-transforms': [ '7.28.6' ],
361 silly audit   '@babel/helper-plugin-utils': [ '7.28.6' ],
361 silly audit   '@babel/helper-string-parser': [ '7.27.1' ],
361 silly audit   '@babel/helper-validator-identifier': [ '7.28.5' ],
361 silly audit   '@babel/helper-validator-option': [ '7.27.1' ],
361 silly audit   '@babel/helpers': [ '7.28.6' ],
361 silly audit   '@babel/parser': [ '7.28.6' ],
361 silly audit   '@babel/plugin-transform-react-jsx-self': [ '7.27.1' ],
361 silly audit   '@babel/plugin-transform-react-jsx-source': [ '7.27.1' ],
361 silly audit   '@babel/template': [ '7.28.6' ],
361 silly audit   '@babel/traverse': [ '7.28.6' ],
361 silly audit   '@babel/types': [ '7.28.6' ],
361 silly audit   '@esbuild/aix-ppc64': [ '0.27.2' ],
361 silly audit   '@esbuild/android-arm': [ '0.27.2' ],
361 silly audit   '@esbuild/android-arm64': [ '0.27.2' ],
361 silly audit   '@esbuild/android-x64': [ '0.27.2' ],
361 silly audit   '@esbuild/darwin-arm64': [ '0.27.2' ],
361 silly audit   '@esbuild/darwin-x64': [ '0.27.2' ],
361 silly audit   '@esbuild/freebsd-arm64': [ '0.27.2' ],
361 silly audit   '@esbuild/freebsd-x64': [ '0.27.2' ],
361 silly audit   '@esbuild/linux-arm': [ '0.27.2' ],
361 silly audit   '@esbuild/linux-arm64': [ '0.27.2' ],
361 silly audit   '@esbuild/linux-ia32': [ '0.27.2' ],
361 silly audit   '@esbuild/linux-loong64': [ '0.27.2' ],
361 silly audit   '@esbuild/linux-mips64el': [ '0.27.2' ],
361 silly audit   '@esbuild/linux-ppc64': [ '0.27.2' ],
361 silly audit   '@esbuild/linux-riscv64': [ '0.27.2' ],
361 silly audit   '@esbuild/linux-s390x': [ '0.27.2' ],
361 silly audit   '@esbuild/linux-x64': [ '0.27.2' ],
361 silly audit   '@esbuild/netbsd-arm64': [ '0.27.2' ],
361 silly audit   '@esbuild/netbsd-x64': [ '0.27.2' ],
361 silly audit   '@esbuild/openbsd-arm64': [ '0.27.2' ],
361 silly audit   '@esbuild/openbsd-x64': [ '0.27.2' ],
361 silly audit   '@esbuild/openharmony-arm64': [ '0.27.2' ],
361 silly audit   '@esbuild/sunos-x64': [ '0.27.2' ],
361 silly audit   '@esbuild/win32-arm64': [ '0.27.2' ],
361 silly audit   '@esbuild/win32-ia32': [ '0.27.2' ],
361 silly audit   '@esbuild/win32-x64': [ '0.27.2' ],
361 silly audit   '@eslint-community/eslint-utils': [ '4.9.1' ],
361 silly audit   'eslint-visitor-keys': [ '3.4.3', '4.2.1' ],
361 silly audit   '@eslint-community/regexpp': [ '4.12.2' ],
361 silly audit   '@eslint/config-array': [ '0.21.1' ],
361 silly audit   '@eslint/config-helpers': [ '0.4.2' ],
361 silly audit   '@eslint/core': [ '0.17.0' ],
361 silly audit   '@eslint/eslintrc': [ '3.3.3' ],
361 silly audit   globals: [ '14.0.0', '16.5.0' ],
361 silly audit   '@eslint/js': [ '9.39.2' ],
361 silly audit   '@eslint/object-schema': [ '2.1.7' ],
361 silly audit   '@eslint/plugin-kit': [ '0.4.1' ],
361 silly audit   '@humanfs/core': [ '0.19.1' ],
361 silly audit   '@humanfs/node': [ '0.16.7' ],
361 silly audit   '@humanwhocodes/module-importer': [ '1.0.1' ],
361 silly audit   '@humanwhocodes/retry': [ '0.4.3' ],
361 silly audit   '@jridgewell/gen-mapping': [ '0.3.13' ],
361 silly audit   '@jridgewell/remapping': [ '2.3.5' ],
361 silly audit   '@jridgewell/resolve-uri': [ '3.1.2' ],
361 silly audit   '@jridgewell/sourcemap-codec': [ '1.5.5' ],
361 silly audit   '@jridgewell/trace-mapping': [ '0.3.31' ],
361 silly audit   '@rolldown/pluginutils': [ '1.0.0-beta.53' ],
361 silly audit   '@rollup/rollup-android-arm-eabi': [ '4.57.0' ],
361 silly audit   '@rollup/rollup-android-arm64': [ '4.57.0' ],
361 silly audit   '@rollup/rollup-darwin-arm64': [ '4.57.0' ],
361 silly audit   '@rollup/rollup-darwin-x64': [ '4.57.0' ],
361 silly audit   '@rollup/rollup-freebsd-arm64': [ '4.57.0' ],
361 silly audit   '@rollup/rollup-freebsd-x64': [ '4.57.0' ],
361 silly audit   '@rollup/rollup-linux-arm-gnueabihf': [ '4.57.0' ],
361 silly audit   '@rollup/rollup-linux-arm-musleabihf': [ '4.57.0' ],
361 silly audit   '@rollup/rollup-linux-arm64-gnu': [ '4.57.0' ],
361 silly audit   '@rollup/rollup-linux-arm64-musl': [ '4.57.0' ],
361 silly audit   '@rollup/rollup-linux-loong64-gnu': [ '4.57.0' ],
361 silly audit   '@rollup/rollup-linux-loong64-musl': [ '4.57.0' ],
361 silly audit   '@rollup/rollup-linux-ppc64-gnu': [ '4.57.0' ],
361 silly audit   '@rollup/rollup-linux-ppc64-musl': [ '4.57.0' ],
361 silly audit   '@rollup/rollup-linux-riscv64-gnu': [ '4.57.0' ],
361 silly audit   '@rollup/rollup-linux-riscv64-musl': [ '4.57.0' ],
361 silly audit   '@rollup/rollup-linux-s390x-gnu': [ '4.57.0' ],
361 silly audit   '@rollup/rollup-linux-x64-gnu': [ '4.57.0' ],
361 silly audit   '@rollup/rollup-linux-x64-musl': [ '4.57.0' ],
361 silly audit   '@rollup/rollup-openbsd-x64': [ '4.57.0' ],
361 silly audit   '@rollup/rollup-openharmony-arm64': [ '4.57.0' ],
361 silly audit   '@rollup/rollup-win32-arm64-msvc': [ '4.57.0' ],
361 silly audit   '@rollup/rollup-win32-ia32-msvc': [ '4.57.0' ],
361 silly audit   '@rollup/rollup-win32-x64-gnu': [ '4.57.0' ],
361 silly audit   '@rollup/rollup-win32-x64-msvc': [ '4.57.0' ],
361 silly audit   '@types/babel__core': [ '7.20.5' ],
361 silly audit   '@types/babel__generator': [ '7.27.0' ],
361 silly audit   '@types/babel__template': [ '7.4.4' ],
361 silly audit   '@types/babel__traverse': [ '7.28.0' ],
361 silly audit   '@types/estree': [ '1.0.8' ],
361 silly audit   '@types/json-schema': [ '7.0.15' ],
361 silly audit   '@types/node': [ '24.10.9' ],
361 silly audit   '@types/react': [ '19.2.10' ],
361 silly audit   '@types/react-dom': [ '19.2.3' ],
361 silly audit   '@typescript-eslint/eslint-plugin': [ '8.54.0' ],
361 silly audit   ignore: [ '7.0.5', '5.3.2' ],
361 silly audit   '@typescript-eslint/parser': [ '8.54.0' ],
361 silly audit   '@typescript-eslint/project-service': [ '8.54.0' ],
361 silly audit   '@typescript-eslint/scope-manager': [ '8.54.0' ],
361 silly audit   '@typescript-eslint/tsconfig-utils': [ '8.54.0' ],
361 silly audit   '@typescript-eslint/type-utils': [ '8.54.0' ],
361 silly audit   '@typescript-eslint/types': [ '8.54.0' ],
361 silly audit   '@typescript-eslint/typescript-estree': [ '8.54.0' ],
361 silly audit   'brace-expansion': [ '2.0.2', '1.1.12' ],
361 silly audit   minimatch: [ '9.0.5', '3.1.2' ],
361 silly audit   semver: [ '7.7.3', '6.3.1' ],
361 silly audit   '@typescript-eslint/utils': [ '8.54.0' ],
361 silly audit   '@typescript-eslint/visitor-keys': [ '8.54.0' ],
361 silly audit   '@vitejs/plugin-react': [ '5.1.2' ],
361 silly audit   acorn: [ '8.15.0' ],
361 silly audit   'acorn-jsx': [ '5.3.2' ],
361 silly audit   ajv: [ '6.12.6' ],
361 silly audit   'ansi-styles': [ '4.3.0' ],
361 silly audit   argparse: [ '2.0.1' ],
361 silly audit   'balanced-match': [ '1.0.2' ],
361 silly audit   'baseline-browser-mapping': [ '2.9.18' ],
361 silly audit   browserslist: [ '4.28.1' ],
361 silly audit   callsites: [ '3.1.0' ],
361 silly audit   'caniuse-lite': [ '1.0.30001766' ],
361 silly audit   chalk: [ '4.1.2' ],
361 silly audit   clsx: [ '2.1.1' ],
361 silly audit   'color-convert': [ '2.0.1' ],
361 silly audit   'color-name': [ '1.1.4' ],
361 silly audit   'concat-map': [ '0.0.1' ],
361 silly audit   'convert-source-map': [ '2.0.0' ],
361 silly audit   'cross-spawn': [ '7.0.6' ],
361 silly audit   csstype: [ '3.2.3' ],
361 silly audit   debug: [ '4.4.3' ],
361 silly audit   'deep-is': [ '0.1.4' ],
361 silly audit   'electron-to-chromium': [ '1.5.279' ],
361 silly audit   esbuild: [ '0.27.2' ],
361 silly audit   escalade: [ '3.2.0' ],
361 silly audit   'escape-string-regexp': [ '4.0.0' ],
361 silly audit   eslint: [ '9.39.2' ],
361 silly audit   'eslint-plugin-react-hooks': [ '7.0.1' ],
361 silly audit   'eslint-plugin-react-refresh': [ '0.4.26' ],
361 silly audit   'eslint-scope': [ '8.4.0' ],
361 silly audit   espree: [ '10.4.0' ],
361 silly audit   esquery: [ '1.7.0' ],
361 silly audit   esrecurse: [ '4.3.0' ],
361 silly audit   estraverse: [ '5.3.0' ],
361 silly audit   esutils: [ '2.0.3' ],
361 silly audit   'fast-deep-equal': [ '3.1.3' ],
361 silly audit   'fast-json-stable-stringify': [ '2.1.0' ],
361 silly audit   'fast-levenshtein': [ '2.0.6' ],
361 silly audit   fdir: [ '6.5.0' ],
361 silly audit   'file-entry-cache': [ '8.0.0' ],
361 silly audit   'find-up': [ '5.0.0' ],
361 silly audit   'flat-cache': [ '4.0.1' ],
361 silly audit   flatted: [ '3.3.3' ],
361 silly audit   'fraction.js': [ '5.3.4' ],
361 silly audit   fsevents: [ '2.3.3' ],
361 silly audit   gensync: [ '1.0.0-beta.2' ],
361 silly audit   'glob-parent': [ '6.0.2', '5.1.2' ],
361 silly audit   'has-flag': [ '4.0.0' ],
361 silly audit   'hermes-estree': [ '0.25.1' ],
361 silly audit   'hermes-parser': [ '0.25.1' ],
361 silly audit   'import-fresh': [ '3.3.1' ],
361 silly audit   imurmurhash: [ '0.1.4' ],
361 silly audit   'is-extglob': [ '2.1.1' ],
361 silly audit   'is-glob': [ '4.0.3' ],
361 silly audit   isexe: [ '2.0.0' ],
361 silly audit   'js-tokens': [ '4.0.0' ],
361 silly audit   'js-yaml': [ '4.1.1' ],
361 silly audit   jsesc: [ '3.1.0' ],
361 silly audit   'json-buffer': [ '3.0.1' ],
361 silly audit   'json-schema-traverse': [ '0.4.1' ],
361 silly audit   'json-stable-stringify-without-jsonify': [ '1.0.1' ],
361 silly audit   json5: [ '2.2.3' ],
361 silly audit   keyv: [ '4.5.4' ],
361 silly audit   levn: [ '0.4.1' ],
361 silly audit   'locate-path': [ '6.0.0' ],
361 silly audit   'lodash.merge': [ '4.6.2' ],
361 silly audit   'lru-cache': [ '5.1.1' ],
361 silly audit   'lucide-react': [ '0.563.0' ],
361 silly audit   ms: [ '2.1.3' ],
361 silly audit   nanoid: [ '3.3.11' ],
361 silly audit   'natural-compare': [ '1.4.0' ],
361 silly audit   'node-releases': [ '2.0.27' ],
361 silly audit   optionator: [ '0.9.4' ],
361 silly audit   'p-limit': [ '3.1.0' ],
361 silly audit   'p-locate': [ '5.0.0' ],
361 silly audit   'parent-module': [ '1.0.1' ],
361 silly audit   'path-exists': [ '4.0.0' ],
361 silly audit   'path-key': [ '3.1.1' ],
361 silly audit   picocolors: [ '1.1.1' ],
361 silly audit   picomatch: [ '4.0.3', '2.3.1' ],
361 silly audit   'postcss-value-parser': [ '4.2.0' ],
361 silly audit   'prelude-ls': [ '1.2.1' ],
361 silly audit   punycode: [ '2.3.1' ],
361 silly audit   react: [ '19.2.4' ],
361 silly audit   'react-dom': [ '19.2.4' ],
361 silly audit   'react-refresh': [ '0.18.0' ],
361 silly audit   'resolve-from': [ '4.0.0' ],
361 silly audit   rollup: [ '4.57.0' ],
361 silly audit   scheduler: [ '0.27.0' ],
361 silly audit   'shebang-command': [ '2.0.0' ],
361 silly audit   'shebang-regex': [ '3.0.0' ],
361 silly audit   'source-map-js': [ '1.2.1' ],
361 silly audit   'strip-json-comments': [ '3.1.1' ],
361 silly audit   'supports-color': [ '7.2.0' ],
361 silly audit   'tailwind-merge': [ '3.4.0' ],
361 silly audit   tinyglobby: [ '0.2.15' ],
361 silly audit   'ts-api-utils': [ '2.4.0' ],
361 silly audit   'type-check': [ '0.4.0' ],
361 silly audit   typescript: [ '5.9.3' ],
361 silly audit   'typescript-eslint': [ '8.54.0' ],
361 silly audit   'undici-types': [ '7.16.0' ],
361 silly audit   'update-browserslist-db': [ '1.2.3' ],
361 silly audit   'uri-js': [ '4.4.1' ],
361 silly audit   vite: [ '7.3.1' ],
361 silly audit   which: [ '2.0.2' ],
361 silly audit   'word-wrap': [ '1.2.5' ],
361 silly audit   yallist: [ '3.1.1' ],
361 silly audit   'yocto-queue': [ '0.1.0' ],
361 silly audit   zod: [ '4.3.6' ],
361 silly audit   'zod-validation-error': [ '4.0.2' ],
361 silly audit   autoprefixer: [ '10.4.23' ],
361 silly audit   postcss: [ '8.5.6' ],
361 silly audit   tailwindcss: [ '3.4.17' ],
361 silly audit   '@alloc/quick-lru': [ '5.2.0' ],
361 silly audit   arg: [ '5.0.2' ],
361 silly audit   chokidar: [ '3.6.0' ],
361 silly audit   didyoumean: [ '1.2.2' ],
361 silly audit   dlv: [ '1.1.3' ],
361 silly audit   'fast-glob': [ '3.3.3' ],
361 silly audit   jiti: [ '1.21.7' ],
361 silly audit   lilconfig: [ '3.1.3' ],
361 silly audit   micromatch: [ '4.0.8' ],
361 silly audit   'normalize-path': [ '3.0.0' ],
361 silly audit   'object-hash': [ '3.0.0' ],
361 silly audit   'postcss-import': [ '15.1.0' ],
361 silly audit   'postcss-js': [ '4.1.0' ],
361 silly audit   'postcss-load-config': [ '4.0.2' ],
361 silly audit   'postcss-nested': [ '6.2.0' ],
361 silly audit   'postcss-selector-parser': [ '6.1.2' ],
361 silly audit   resolve: [ '1.22.11' ],
361 silly audit   sucrase: [ '3.35.1' ],
361 silly audit   anymatch: [ '3.1.3' ],
361 silly audit   braces: [ '3.0.3' ],
361 silly audit   'is-binary-path': [ '2.1.0' ],
361 silly audit   readdirp: [ '3.6.0' ],
361 silly audit   'fill-range': [ '7.1.1' ],
361 silly audit   '@nodelib/fs.stat': [ '2.0.5' ],
361 silly audit   '@nodelib/fs.walk': [ '1.2.8' ],
361 silly audit   merge2: [ '1.4.1' ],
361 silly audit   '@nodelib/fs.scandir': [ '2.1.5' ],
361 silly audit   fastq: [ '1.20.1' ],
361 silly audit   'run-parallel': [ '1.2.0' ],
361 silly audit   reusify: [ '1.1.0' ],
361 silly audit   'to-regex-range': [ '5.0.1' ],
361 silly audit   'binary-extensions': [ '2.3.0' ],
361 silly audit   'read-cache': [ '1.0.0' ],
361 silly audit   'camelcase-css': [ '2.0.1' ],
361 silly audit   yaml: [ '2.8.2' ],
361 silly audit   cssesc: [ '3.0.0' ],
361 silly audit   'util-deprecate': [ '1.0.2' ],
361 silly audit   pify: [ '2.3.0' ],
361 silly audit   'is-core-module': [ '2.16.1' ],
361 silly audit   'path-parse': [ '1.0.7' ],
361 silly audit   'supports-preserve-symlinks-flag': [ '1.0.0' ],
361 silly audit   hasown: [ '2.0.2' ],
361 silly audit   'function-bind': [ '1.1.2' ],
361 silly audit   'queue-microtask': [ '1.2.3' ],
361 silly audit   commander: [ '4.1.1' ],
361 silly audit   'lines-and-columns': [ '1.2.4' ],
361 silly audit   mz: [ '2.7.0' ],
361 silly audit   pirates: [ '4.0.7' ],
361 silly audit   'ts-interface-checker': [ '0.1.13' ],
361 silly audit   'any-promise': [ '1.3.0' ],
361 silly audit   'object-assign': [ '4.1.1' ],
361 silly audit   'thenify-all': [ '1.6.0' ],
361 silly audit   thenify: [ '3.3.1' ],
361 silly audit   'is-number': [ '7.0.0' ]
361 silly audit }
362 http cache thenify@https://registry.npmjs.org/thenify/-/thenify-3.3.1.tgz 0ms (cache hit)
363 http cache thenify-all@https://registry.npmjs.org/thenify-all/-/thenify-all-1.6.0.tgz 0ms (cache hit)
364 http cache object-assign@https://registry.npmjs.org/object-assign/-/object-assign-4.1.1.tgz 0ms (cache hit)
365 http cache ts-interface-checker@https://registry.npmjs.org/ts-interface-checker/-/ts-interface-checker-0.1.13.tgz 0ms (cache hit)
366 http cache any-promise@https://registry.npmjs.org/any-promise/-/any-promise-1.3.0.tgz 0ms (cache hit)
367 http cache pirates@https://registry.npmjs.org/pirates/-/pirates-4.0.7.tgz 0ms (cache hit)
368 http cache mz@https://registry.npmjs.org/mz/-/mz-2.7.0.tgz 0ms (cache hit)
369 http cache lines-and-columns@https://registry.npmjs.org/lines-and-columns/-/lines-and-columns-1.2.4.tgz 0ms (cache hit)
370 http cache function-bind@https://registry.npmjs.org/function-bind/-/function-bind-1.1.2.tgz 0ms (cache hit)
371 http cache commander@https://registry.npmjs.org/commander/-/commander-4.1.1.tgz 0ms (cache hit)
372 http cache supports-preserve-symlinks-flag@https://registry.npmjs.org/supports-preserve-symlinks-flag/-/supports-preserve-symlinks-flag-1.0.0.tgz 0ms (cache hit)
373 http cache is-number@https://registry.npmjs.org/is-number/-/is-number-7.0.0.tgz 0ms (cache hit)
374 http cache hasown@https://registry.npmjs.org/hasown/-/hasown-2.0.2.tgz 0ms (cache hit)
375 http cache path-parse@https://registry.npmjs.org/path-parse/-/path-parse-1.0.7.tgz 0ms (cache hit)
376 http cache is-core-module@https://registry.npmjs.org/is-core-module/-/is-core-module-2.16.1.tgz 0ms (cache hit)
377 http cache util-deprecate@https://registry.npmjs.org/util-deprecate/-/util-deprecate-1.0.2.tgz 0ms (cache hit)
378 http cache cssesc@https://registry.npmjs.org/cssesc/-/cssesc-3.0.0.tgz 0ms (cache hit)
379 http cache read-cache@https://registry.npmjs.org/read-cache/-/read-cache-1.0.0.tgz 0ms (cache hit)
380 http cache yaml@https://registry.npmjs.org/yaml/-/yaml-2.8.2.tgz 0ms (cache hit)
381 http cache camelcase-css@https://registry.npmjs.org/camelcase-css/-/camelcase-css-2.0.1.tgz 0ms (cache hit)
382 http cache binary-extensions@https://registry.npmjs.org/binary-extensions/-/binary-extensions-2.3.0.tgz 0ms (cache hit)
383 http cache to-regex-range@https://registry.npmjs.org/to-regex-range/-/to-regex-range-5.0.1.tgz 0ms (cache hit)
384 http cache run-parallel@https://registry.npmjs.org/run-parallel/-/run-parallel-1.2.0.tgz 0ms (cache hit)
385 http cache fastq@https://registry.npmjs.org/fastq/-/fastq-1.20.1.tgz 0ms (cache hit)
386 http cache @nodelib/fs.scandir@https://registry.npmjs.org/@nodelib/fs.scandir/-/fs.scandir-2.1.5.tgz 0ms (cache hit)
387 http cache merge2@https://registry.npmjs.org/merge2/-/merge2-1.4.1.tgz 0ms (cache hit)
388 http cache @nodelib/fs.walk@https://registry.npmjs.org/@nodelib/fs.walk/-/fs.walk-1.2.8.tgz 0ms (cache hit)
389 http cache @nodelib/fs.stat@https://registry.npmjs.org/@nodelib/fs.stat/-/fs.stat-2.0.5.tgz 0ms (cache hit)
390 http cache fill-range@https://registry.npmjs.org/fill-range/-/fill-range-7.1.1.tgz 0ms (cache hit)
391 http cache reusify@https://registry.npmjs.org/reusify/-/reusify-1.1.0.tgz 0ms (cache hit)
392 http cache readdirp@https://registry.npmjs.org/readdirp/-/readdirp-3.6.0.tgz 0ms (cache hit)
393 http cache queue-microtask@https://registry.npmjs.org/queue-microtask/-/queue-microtask-1.2.3.tgz 0ms (cache hit)
394 http cache braces@https://registry.npmjs.org/braces/-/braces-3.0.3.tgz 0ms (cache hit)
395 http cache pify@https://registry.npmjs.org/pify/-/pify-2.3.0.tgz 0ms (cache hit)
396 http cache resolve@https://registry.npmjs.org/resolve/-/resolve-1.22.11.tgz 0ms (cache hit)
397 http cache postcss-selector-parser@https://registry.npmjs.org/postcss-selector-parser/-/postcss-selector-parser-6.1.2.tgz 0ms (cache hit)
398 http cache is-binary-path@https://registry.npmjs.org/is-binary-path/-/is-binary-path-2.1.0.tgz 0ms (cache hit)
399 http cache postcss-nested@https://registry.npmjs.org/postcss-nested/-/postcss-nested-6.2.0.tgz 0ms (cache hit)
400 http cache sucrase@https://registry.npmjs.org/sucrase/-/sucrase-3.35.1.tgz 0ms (cache hit)
401 http cache postcss-load-config@https://registry.npmjs.org/postcss-load-config/-/postcss-load-config-4.0.2.tgz 0ms (cache hit)
402 http cache object-hash@https://registry.npmjs.org/object-hash/-/object-hash-3.0.0.tgz 0ms (cache hit)
403 http cache postcss-js@https://registry.npmjs.org/postcss-js/-/postcss-js-4.1.0.tgz 0ms (cache hit)
404 http cache anymatch@https://registry.npmjs.org/anymatch/-/anymatch-3.1.3.tgz 0ms (cache hit)
405 http cache jiti@https://registry.npmjs.org/jiti/-/jiti-1.21.7.tgz 0ms (cache hit)
406 http cache lilconfig@https://registry.npmjs.org/lilconfig/-/lilconfig-3.1.3.tgz 0ms (cache hit)
407 http cache micromatch@https://registry.npmjs.org/micromatch/-/micromatch-4.0.8.tgz 0ms (cache hit)
408 http cache normalize-path@https://registry.npmjs.org/normalize-path/-/normalize-path-3.0.0.tgz 0ms (cache hit)
409 http cache didyoumean@https://registry.npmjs.org/didyoumean/-/didyoumean-1.2.2.tgz 0ms (cache hit)
410 http cache arg@https://registry.npmjs.org/arg/-/arg-5.0.2.tgz 0ms (cache hit)
411 http cache dlv@https://registry.npmjs.org/dlv/-/dlv-1.1.3.tgz 0ms (cache hit)
412 http cache fast-glob@https://registry.npmjs.org/fast-glob/-/fast-glob-3.3.3.tgz 0ms (cache hit)
413 http cache chokidar@https://registry.npmjs.org/chokidar/-/chokidar-3.6.0.tgz 0ms (cache hit)
414 http cache tailwindcss@https://registry.npmjs.org/tailwindcss/-/tailwindcss-3.4.17.tgz 0ms (cache hit)
415 http cache picomatch@https://registry.npmjs.org/picomatch/-/picomatch-2.3.1.tgz 0ms (cache hit)
416 http cache @alloc/quick-lru@https://registry.npmjs.org/@alloc/quick-lru/-/quick-lru-5.2.0.tgz 0ms (cache hit)
417 http cache picomatch@https://registry.npmjs.org/picomatch/-/picomatch-2.3.1.tgz 0ms (cache hit)
418 http cache picomatch@https://registry.npmjs.org/picomatch/-/picomatch-2.3.1.tgz 0ms (cache hit)
419 http cache postcss-import@https://registry.npmjs.org/postcss-import/-/postcss-import-15.1.0.tgz 0ms (cache hit)
420 silly tarball no local data for thenify@https://registry.npmjs.org/thenify/-/thenify-3.3.1.tgz. Extracting by manifest.
421 silly tarball no local data for thenify-all@https://registry.npmjs.org/thenify-all/-/thenify-all-1.6.0.tgz. Extracting by manifest.
422 silly tarball no local data for object-assign@https://registry.npmjs.org/object-assign/-/object-assign-4.1.1.tgz. Extracting by manifest.
423 silly tarball no local data for ts-interface-checker@https://registry.npmjs.org/ts-interface-checker/-/ts-interface-checker-0.1.13.tgz. Extracting by manifest.
424 silly tarball no local data for any-promise@https://registry.npmjs.org/any-promise/-/any-promise-1.3.0.tgz. Extracting by manifest.
425 silly tarball no local data for mz@https://registry.npmjs.org/mz/-/mz-2.7.0.tgz. Extracting by manifest.
426 silly tarball no local data for pirates@https://registry.npmjs.org/pirates/-/pirates-4.0.7.tgz. Extracting by manifest.
427 silly tarball no local data for function-bind@https://registry.npmjs.org/function-bind/-/function-bind-1.1.2.tgz. Extracting by manifest.
428 silly tarball no local data for lines-and-columns@https://registry.npmjs.org/lines-and-columns/-/lines-and-columns-1.2.4.tgz. Extracting by manifest.
429 silly tarball no local data for commander@https://registry.npmjs.org/commander/-/commander-4.1.1.tgz. Extracting by manifest.
430 silly tarball no local data for supports-preserve-symlinks-flag@https://registry.npmjs.org/supports-preserve-symlinks-flag/-/supports-preserve-symlinks-flag-1.0.0.tgz. Extracting by manifest.
431 silly tarball no local data for is-number@https://registry.npmjs.org/is-number/-/is-number-7.0.0.tgz. Extracting by manifest.
432 silly tarball no local data for hasown@https://registry.npmjs.org/hasown/-/hasown-2.0.2.tgz. Extracting by manifest.
433 silly tarball no local data for path-parse@https://registry.npmjs.org/path-parse/-/path-parse-1.0.7.tgz. Extracting by manifest.
434 silly tarball no local data for is-core-module@https://registry.npmjs.org/is-core-module/-/is-core-module-2.16.1.tgz. Extracting by manifest.
435 silly tarball no local data for util-deprecate@https://registry.npmjs.org/util-deprecate/-/util-deprecate-1.0.2.tgz. Extracting by manifest.
436 silly tarball no local data for cssesc@https://registry.npmjs.org/cssesc/-/cssesc-3.0.0.tgz. Extracting by manifest.
437 silly tarball no local data for read-cache@https://registry.npmjs.org/read-cache/-/read-cache-1.0.0.tgz. Extracting by manifest.
438 silly tarball no local data for yaml@https://registry.npmjs.org/yaml/-/yaml-2.8.2.tgz. Extracting by manifest.
439 silly tarball no local data for camelcase-css@https://registry.npmjs.org/camelcase-css/-/camelcase-css-2.0.1.tgz. Extracting by manifest.
440 silly tarball no local data for to-regex-range@https://registry.npmjs.org/to-regex-range/-/to-regex-range-5.0.1.tgz. Extracting by manifest.
441 silly tarball no local data for run-parallel@https://registry.npmjs.org/run-parallel/-/run-parallel-1.2.0.tgz. Extracting by manifest.
442 silly tarball no local data for fastq@https://registry.npmjs.org/fastq/-/fastq-1.20.1.tgz. Extracting by manifest.
443 silly tarball no local data for binary-extensions@https://registry.npmjs.org/binary-extensions/-/binary-extensions-2.3.0.tgz. Extracting by manifest.
444 silly tarball no local data for @nodelib/fs.scandir@https://registry.npmjs.org/@nodelib/fs.scandir/-/fs.scandir-2.1.5.tgz. Extracting by manifest.
445 silly tarball no local data for merge2@https://registry.npmjs.org/merge2/-/merge2-1.4.1.tgz. Extracting by manifest.
446 silly tarball no local data for @nodelib/fs.stat@https://registry.npmjs.org/@nodelib/fs.stat/-/fs.stat-2.0.5.tgz. Extracting by manifest.
447 silly tarball no local data for @nodelib/fs.walk@https://registry.npmjs.org/@nodelib/fs.walk/-/fs.walk-1.2.8.tgz. Extracting by manifest.
448 silly tarball no local data for fill-range@https://registry.npmjs.org/fill-range/-/fill-range-7.1.1.tgz. Extracting by manifest.
449 silly tarball no local data for reusify@https://registry.npmjs.org/reusify/-/reusify-1.1.0.tgz. Extracting by manifest.
450 silly tarball no local data for readdirp@https://registry.npmjs.org/readdirp/-/readdirp-3.6.0.tgz. Extracting by manifest.
451 silly tarball no local data for queue-microtask@https://registry.npmjs.org/queue-microtask/-/queue-microtask-1.2.3.tgz. Extracting by manifest.
452 silly tarball no local data for braces@https://registry.npmjs.org/braces/-/braces-3.0.3.tgz. Extracting by manifest.
453 silly tarball no local data for pify@https://registry.npmjs.org/pify/-/pify-2.3.0.tgz. Extracting by manifest.
454 http cache glob-parent@https://registry.npmjs.org/glob-parent/-/glob-parent-5.1.2.tgz 0ms (cache hit)
455 silly tarball no local data for resolve@https://registry.npmjs.org/resolve/-/resolve-1.22.11.tgz. Extracting by manifest.
456 silly tarball no local data for postcss-selector-parser@https://registry.npmjs.org/postcss-selector-parser/-/postcss-selector-parser-6.1.2.tgz. Extracting by manifest.
457 silly tarball no local data for is-binary-path@https://registry.npmjs.org/is-binary-path/-/is-binary-path-2.1.0.tgz. Extracting by manifest.
458 silly tarball no local data for postcss-nested@https://registry.npmjs.org/postcss-nested/-/postcss-nested-6.2.0.tgz. Extracting by manifest.
459 silly tarball no local data for sucrase@https://registry.npmjs.org/sucrase/-/sucrase-3.35.1.tgz. Extracting by manifest.
460 silly tarball no local data for object-hash@https://registry.npmjs.org/object-hash/-/object-hash-3.0.0.tgz. Extracting by manifest.
461 silly tarball no local data for postcss-load-config@https://registry.npmjs.org/postcss-load-config/-/postcss-load-config-4.0.2.tgz. Extracting by manifest.
462 silly tarball no local data for postcss-js@https://registry.npmjs.org/postcss-js/-/postcss-js-4.1.0.tgz. Extracting by manifest.
463 silly tarball no local data for anymatch@https://registry.npmjs.org/anymatch/-/anymatch-3.1.3.tgz. Extracting by manifest.
464 silly tarball no local data for jiti@https://registry.npmjs.org/jiti/-/jiti-1.21.7.tgz. Extracting by manifest.
465 silly tarball no local data for lilconfig@https://registry.npmjs.org/lilconfig/-/lilconfig-3.1.3.tgz. Extracting by manifest.
466 http cache glob-parent@https://registry.npmjs.org/glob-parent/-/glob-parent-5.1.2.tgz 0ms (cache hit)
467 silly tarball no local data for micromatch@https://registry.npmjs.org/micromatch/-/micromatch-4.0.8.tgz. Extracting by manifest.
468 silly tarball no local data for normalize-path@https://registry.npmjs.org/normalize-path/-/normalize-path-3.0.0.tgz. Extracting by manifest.
469 silly tarball no local data for didyoumean@https://registry.npmjs.org/didyoumean/-/didyoumean-1.2.2.tgz. Extracting by manifest.
470 silly tarball no local data for arg@https://registry.npmjs.org/arg/-/arg-5.0.2.tgz. Extracting by manifest.
471 silly tarball no local data for dlv@https://registry.npmjs.org/dlv/-/dlv-1.1.3.tgz. Extracting by manifest.
472 silly tarball no local data for chokidar@https://registry.npmjs.org/chokidar/-/chokidar-3.6.0.tgz. Extracting by manifest.
473 silly tarball no local data for fast-glob@https://registry.npmjs.org/fast-glob/-/fast-glob-3.3.3.tgz. Extracting by manifest.
474 silly tarball no local data for tailwindcss@https://registry.npmjs.org/tailwindcss/-/tailwindcss-3.4.17.tgz. Extracting by manifest.
475 silly tarball no local data for picomatch@https://registry.npmjs.org/picomatch/-/picomatch-2.3.1.tgz. Extracting by manifest.
476 silly tarball no local data for @alloc/quick-lru@https://registry.npmjs.org/@alloc/quick-lru/-/quick-lru-5.2.0.tgz. Extracting by manifest.
477 silly tarball no local data for picomatch@https://registry.npmjs.org/picomatch/-/picomatch-2.3.1.tgz. Extracting by manifest.
478 silly tarball no local data for picomatch@https://registry.npmjs.org/picomatch/-/picomatch-2.3.1.tgz. Extracting by manifest.
479 silly tarball no local data for postcss-import@https://registry.npmjs.org/postcss-import/-/postcss-import-15.1.0.tgz. Extracting by manifest.
480 silly tarball no local data for glob-parent@https://registry.npmjs.org/glob-parent/-/glob-parent-5.1.2.tgz. Extracting by manifest.
481 silly tarball no local data for glob-parent@https://registry.npmjs.org/glob-parent/-/glob-parent-5.1.2.tgz. Extracting by manifest.
482 http fetch GET 200 https://registry.npmjs.org/ts-interface-checker/-/ts-interface-checker-0.1.13.tgz 49ms (cache miss)
483 http fetch GET 200 https://registry.npmjs.org/thenify-all/-/thenify-all-1.6.0.tgz 49ms (cache miss)
484 http fetch GET 200 https://registry.npmjs.org/thenify/-/thenify-3.3.1.tgz 49ms (cache miss)
485 http fetch GET 200 https://registry.npmjs.org/mz/-/mz-2.7.0.tgz 52ms (cache miss)
486 http fetch GET 200 https://registry.npmjs.org/any-promise/-/any-promise-1.3.0.tgz 59ms (cache miss)
487 http fetch GET 200 https://registry.npmjs.org/object-assign/-/object-assign-4.1.1.tgz 62ms (cache miss)
488 http fetch GET 200 https://registry.npmjs.org/cssesc/-/cssesc-3.0.0.tgz 70ms (cache miss)
489 http fetch GET 200 https://registry.npmjs.org/util-deprecate/-/util-deprecate-1.0.2.tgz 71ms (cache miss)
490 http fetch GET 200 https://registry.npmjs.org/read-cache/-/read-cache-1.0.0.tgz 77ms (cache miss)
491 http fetch GET 200 https://registry.npmjs.org/camelcase-css/-/camelcase-css-2.0.1.tgz 78ms (cache miss)
492 http fetch GET 200 https://registry.npmjs.org/is-core-module/-/is-core-module-2.16.1.tgz 81ms (cache miss)
493 http fetch GET 200 https://registry.npmjs.org/run-parallel/-/run-parallel-1.2.0.tgz 101ms (cache miss)
494 http fetch GET 200 https://registry.npmjs.org/to-regex-range/-/to-regex-range-5.0.1.tgz 124ms (cache miss)
495 http fetch GET 200 https://registry.npmjs.org/binary-extensions/-/binary-extensions-2.3.0.tgz 125ms (cache miss)
496 http fetch GET 200 https://registry.npmjs.org/lines-and-columns/-/lines-and-columns-1.2.4.tgz 129ms (cache miss)
497 http fetch GET 200 https://registry.npmjs.org/pirates/-/pirates-4.0.7.tgz 131ms (cache miss)
498 http fetch GET 200 https://registry.npmjs.org/function-bind/-/function-bind-1.1.2.tgz 147ms (cache miss)
499 http fetch POST 200 https://registry.npmjs.org/-/npm/v1/security/advisories/bulk 187ms
500 silly audit report {}
501 http fetch GET 200 https://registry.npmjs.org/supports-preserve-symlinks-flag/-/supports-preserve-symlinks-flag-1.0.0.tgz 155ms (cache miss)
502 http fetch GET 200 https://registry.npmjs.org/merge2/-/merge2-1.4.1.tgz 152ms (cache miss)
503 http fetch GET 200 https://registry.npmjs.org/fastq/-/fastq-1.20.1.tgz 154ms (cache miss)
504 http fetch GET 200 https://registry.npmjs.org/path-parse/-/path-parse-1.0.7.tgz 156ms (cache miss)
505 http fetch GET 200 https://registry.npmjs.org/fill-range/-/fill-range-7.1.1.tgz 154ms (cache miss)
506 http fetch GET 200 https://registry.npmjs.org/readdirp/-/readdirp-3.6.0.tgz 154ms (cache miss)
507 http fetch GET 200 https://registry.npmjs.org/@nodelib/fs.walk/-/fs.walk-1.2.8.tgz 155ms (cache miss)
508 http fetch GET 200 https://registry.npmjs.org/hasown/-/hasown-2.0.2.tgz 183ms (cache miss)
509 http fetch GET 200 https://registry.npmjs.org/is-number/-/is-number-7.0.0.tgz 185ms (cache miss)
510 http fetch GET 200 https://registry.npmjs.org/pify/-/pify-2.3.0.tgz 188ms (cache miss)
511 http fetch GET 200 https://registry.npmjs.org/queue-microtask/-/queue-microtask-1.2.3.tgz 211ms (cache miss)
512 http fetch GET 200 https://registry.npmjs.org/is-binary-path/-/is-binary-path-2.1.0.tgz 211ms (cache miss)
513 http fetch GET 200 https://registry.npmjs.org/commander/-/commander-4.1.1.tgz 218ms (cache miss)
514 http fetch GET 200 https://registry.npmjs.org/dlv/-/dlv-1.1.3.tgz 209ms (cache miss)
515 http fetch GET 200 https://registry.npmjs.org/object-hash/-/object-hash-3.0.0.tgz 210ms (cache miss)
516 http fetch GET 200 https://registry.npmjs.org/postcss-nested/-/postcss-nested-6.2.0.tgz 212ms (cache miss)
517 http fetch GET 200 https://registry.npmjs.org/lilconfig/-/lilconfig-3.1.3.tgz 211ms (cache miss)
518 http fetch GET 200 https://registry.npmjs.org/reusify/-/reusify-1.1.0.tgz 214ms (cache miss)
519 http fetch GET 200 https://registry.npmjs.org/normalize-path/-/normalize-path-3.0.0.tgz 213ms (cache miss)
520 http fetch GET 200 https://registry.npmjs.org/arg/-/arg-5.0.2.tgz 213ms (cache miss)
521 http fetch GET 200 https://registry.npmjs.org/anymatch/-/anymatch-3.1.3.tgz 214ms (cache miss)
522 http fetch GET 200 https://registry.npmjs.org/didyoumean/-/didyoumean-1.2.2.tgz 214ms (cache miss)
523 http fetch GET 200 https://registry.npmjs.org/chokidar/-/chokidar-3.6.0.tgz 264ms (cache miss)
524 http fetch GET 200 https://registry.npmjs.org/postcss-load-config/-/postcss-load-config-4.0.2.tgz 266ms (cache miss)
525 http fetch GET 200 https://registry.npmjs.org/postcss-js/-/postcss-js-4.1.0.tgz 267ms (cache miss)
526 http fetch GET 200 https://registry.npmjs.org/glob-parent/-/glob-parent-5.1.2.tgz 251ms (cache miss)
527 http fetch GET 200 https://registry.npmjs.org/@nodelib/fs.stat/-/fs.stat-2.0.5.tgz 270ms (cache miss)
528 http fetch GET 200 https://registry.npmjs.org/picomatch/-/picomatch-2.3.1.tgz 266ms (cache miss)
529 http fetch GET 200 https://registry.npmjs.org/micromatch/-/micromatch-4.0.8.tgz 268ms (cache miss)
530 http fetch GET 200 https://registry.npmjs.org/@alloc/quick-lru/-/quick-lru-5.2.0.tgz 267ms (cache miss)
531 http fetch GET 200 https://registry.npmjs.org/braces/-/braces-3.0.3.tgz 274ms (cache miss)
532 http fetch GET 200 https://registry.npmjs.org/glob-parent/-/glob-parent-5.1.2.tgz 259ms (cache miss)
533 http fetch GET 200 https://registry.npmjs.org/@nodelib/fs.scandir/-/fs.scandir-2.1.5.tgz 277ms (cache miss)
534 http fetch GET 200 https://registry.npmjs.org/picomatch/-/picomatch-2.3.1.tgz 273ms (cache miss)
535 http fetch GET 200 https://registry.npmjs.org/picomatch/-/picomatch-2.3.1.tgz 275ms (cache miss)
536 http fetch GET 200 https://registry.npmjs.org/postcss-import/-/postcss-import-15.1.0.tgz 276ms (cache miss)
537 http fetch GET 200 https://registry.npmjs.org/resolve/-/resolve-1.22.11.tgz 331ms (cache miss)
538 http fetch GET 200 https://registry.npmjs.org/jiti/-/jiti-1.21.7.tgz 361ms (cache miss)
539 http fetch GET 200 https://registry.npmjs.org/fast-glob/-/fast-glob-3.3.3.tgz 361ms (cache miss)
540 http fetch GET 200 https://registry.npmjs.org/postcss-selector-parser/-/postcss-selector-parser-6.1.2.tgz 370ms (cache miss)
541 http fetch GET 200 https://registry.npmjs.org/yaml/-/yaml-2.8.2.tgz 390ms (cache miss)
542 http fetch GET 200 https://registry.npmjs.org/sucrase/-/sucrase-3.35.1.tgz 417ms (cache miss)
543 http fetch GET 200 https://registry.npmjs.org/tailwindcss/-/tailwindcss-3.4.17.tgz 415ms (cache miss)
544 silly ADD node_modules/is-number
545 silly ADD node_modules/thenify
546 silly ADD node_modules/thenify-all
547 silly ADD node_modules/object-assign
548 silly ADD node_modules/any-promise
549 silly ADD node_modules/ts-interface-checker
550 silly ADD node_modules/pirates
551 silly ADD node_modules/mz
552 silly ADD node_modules/lines-and-columns
553 silly ADD node_modules/commander
554 silly ADD node_modules/queue-microtask
555 silly ADD node_modules/function-bind
556 silly ADD node_modules/hasown
557 silly ADD node_modules/supports-preserve-symlinks-flag
558 silly ADD node_modules/path-parse
559 silly ADD node_modules/is-core-module
560 silly ADD node_modules/pify
561 silly ADD node_modules/util-deprecate
562 silly ADD node_modules/cssesc
563 silly ADD node_modules/yaml
564 silly ADD node_modules/camelcase-css
565 silly ADD node_modules/read-cache
566 silly ADD node_modules/binary-extensions
567 silly ADD node_modules/to-regex-range
568 silly ADD node_modules/reusify
569 silly ADD node_modules/run-parallel
570 silly ADD node_modules/fastq
571 silly ADD node_modules/@nodelib/fs.scandir
572 silly ADD node_modules/merge2
573 silly ADD node_modules/@nodelib/fs.walk
574 silly ADD node_modules/@nodelib/fs.stat
575 silly ADD node_modules/fill-range
576 silly ADD node_modules/readdirp
577 silly ADD node_modules/readdirp/node_modules/picomatch
578 silly ADD node_modules/is-binary-path
579 silly ADD node_modules/braces
580 silly ADD node_modules/anymatch
581 silly ADD node_modules/anymatch/node_modules/picomatch
582 silly ADD node_modules/sucrase
583 silly ADD node_modules/resolve
584 silly ADD node_modules/postcss-selector-parser
585 silly ADD node_modules/postcss-nested
586 silly ADD node_modules/postcss-load-config
587 silly ADD node_modules/postcss-js
588 silly ADD node_modules/postcss-import
589 silly ADD node_modules/object-hash
590 silly ADD node_modules/normalize-path
591 silly ADD node_modules/micromatch
592 silly ADD node_modules/micromatch/node_modules/picomatch
593 silly ADD node_modules/lilconfig
594 silly ADD node_modules/jiti
595 silly ADD node_modules/fast-glob
596 silly ADD node_modules/fast-glob/node_modules/glob-parent
597 silly ADD node_modules/dlv
598 silly ADD node_modules/didyoumean
599 silly ADD node_modules/chokidar
600 silly ADD node_modules/chokidar/node_modules/glob-parent
601 silly ADD node_modules/arg
602 silly ADD node_modules/@alloc/quick-lru
603 silly ADD node_modules/tailwindcss
604 verbose cwd /Users/oz/src/Antigravity/dietRecipe2
605 verbose os Darwin 25.2.0
606 verbose node v25.4.0
607 verbose npm  v11.7.0
608 verbose exit 0
609 info ok
