0 verbose cli /opt/homebrew/Cellar/node/25.4.0/bin/node /opt/homebrew/bin/npm
1 info using npm@11.7.0
2 info using node@v25.4.0
3 silly config load:file:/opt/homebrew/lib/node_modules/npm/npmrc
4 silly config load:file:/Users/oz/src/Antigravity/dietRecipe2/.npmrc
5 silly config load:file:/Users/oz/.npmrc
6 silly config load:file:/opt/homebrew/etc/npmrc
7 verbose title npm install
8 verbose argv "install"
9 verbose logfile logs-max:10 dir:/Users/oz/src/Antigravity/dietRecipe2/.npm-cache/_logs/2026-01-27T20_50_09_987Z-
10 verbose logfile /Users/oz/src/Antigravity/dietRecipe2/.npm-cache/_logs/2026-01-27T20_50_09_987Z-debug-0.log
11 silly logfile start cleaning logs, removing 1 files
12 silly packumentCache heap:4496293888 maxSize:1124073472 maxEntrySize:562036736
13 silly logfile done cleaning log files
14 verbose shrinkwrap failed to load node_modules/.package-lock.json out of date, updated: node_modules
15 silly idealTree buildDeps
16 silly reify moves {}
17 silly audit bulk request {
17 silly audit   '@alloc/quick-lru': [ '5.2.0' ],
17 silly audit   '@babel/code-frame': [ '7.28.6' ],
17 silly audit   '@babel/compat-data': [ '7.28.6' ],
17 silly audit   '@babel/core': [ '7.28.6' ],
17 silly audit   '@babel/generator': [ '7.28.6' ],
17 silly audit   '@babel/helper-compilation-targets': [ '7.28.6' ],
17 silly audit   '@babel/helper-globals': [ '7.28.0' ],
17 silly audit   '@babel/helper-module-imports': [ '7.28.6' ],
17 silly audit   '@babel/helper-module-transforms': [ '7.28.6' ],
17 silly audit   '@babel/helper-plugin-utils': [ '7.28.6' ],
17 silly audit   '@babel/helper-string-parser': [ '7.27.1' ],
17 silly audit   '@babel/helper-validator-identifier': [ '7.28.5' ],
17 silly audit   '@babel/helper-validator-option': [ '7.27.1' ],
17 silly audit   '@babel/helpers': [ '7.28.6' ],
17 silly audit   '@babel/parser': [ '7.28.6' ],
17 silly audit   '@babel/plugin-transform-react-jsx-self': [ '7.27.1' ],
17 silly audit   '@babel/plugin-transform-react-jsx-source': [ '7.27.1' ],
17 silly audit   '@babel/template': [ '7.28.6' ],
17 silly audit   '@babel/traverse': [ '7.28.6' ],
17 silly audit   '@babel/types': [ '7.28.6' ],
17 silly audit   '@esbuild/aix-ppc64': [ '0.27.2' ],
17 silly audit   '@esbuild/android-arm': [ '0.27.2' ],
17 silly audit   '@esbuild/android-arm64': [ '0.27.2' ],
17 silly audit   '@esbuild/android-x64': [ '0.27.2' ],
17 silly audit   '@esbuild/darwin-arm64': [ '0.27.2' ],
17 silly audit   '@esbuild/darwin-x64': [ '0.27.2' ],
17 silly audit   '@esbuild/freebsd-arm64': [ '0.27.2' ],
17 silly audit   '@esbuild/freebsd-x64': [ '0.27.2' ],
17 silly audit   '@esbuild/linux-arm': [ '0.27.2' ],
17 silly audit   '@esbuild/linux-arm64': [ '0.27.2' ],
17 silly audit   '@esbuild/linux-ia32': [ '0.27.2' ],
17 silly audit   '@esbuild/linux-loong64': [ '0.27.2' ],
17 silly audit   '@esbuild/linux-mips64el': [ '0.27.2' ],
17 silly audit   '@esbuild/linux-ppc64': [ '0.27.2' ],
17 silly audit   '@esbuild/linux-riscv64': [ '0.27.2' ],
17 silly audit   '@esbuild/linux-s390x': [ '0.27.2' ],
17 silly audit   '@esbuild/linux-x64': [ '0.27.2' ],
17 silly audit   '@esbuild/netbsd-arm64': [ '0.27.2' ],
17 silly audit   '@esbuild/netbsd-x64': [ '0.27.2' ],
17 silly audit   '@esbuild/openbsd-arm64': [ '0.27.2' ],
17 silly audit   '@esbuild/openbsd-x64': [ '0.27.2' ],
17 silly audit   '@esbuild/openharmony-arm64': [ '0.27.2' ],
17 silly audit   '@esbuild/sunos-x64': [ '0.27.2' ],
17 silly audit   '@esbuild/win32-arm64': [ '0.27.2' ],
17 silly audit   '@esbuild/win32-ia32': [ '0.27.2' ],
17 silly audit   '@esbuild/win32-x64': [ '0.27.2' ],
17 silly audit   '@eslint-community/eslint-utils': [ '4.9.1' ],
17 silly audit   'eslint-visitor-keys': [ '3.4.3', '4.2.1' ],
17 silly audit   '@eslint-community/regexpp': [ '4.12.2' ],
17 silly audit   '@eslint/config-array': [ '0.21.1' ],
17 silly audit   '@eslint/config-helpers': [ '0.4.2' ],
17 silly audit   '@eslint/core': [ '0.17.0' ],
17 silly audit   '@eslint/eslintrc': [ '3.3.3' ],
17 silly audit   globals: [ '14.0.0', '16.5.0' ],
17 silly audit   '@eslint/js': [ '9.39.2' ],
17 silly audit   '@eslint/object-schema': [ '2.1.7' ],
17 silly audit   '@eslint/plugin-kit': [ '0.4.1' ],
17 silly audit   '@humanfs/core': [ '0.19.1' ],
17 silly audit   '@humanfs/node': [ '0.16.7' ],
17 silly audit   '@humanwhocodes/module-importer': [ '1.0.1' ],
17 silly audit   '@humanwhocodes/retry': [ '0.4.3' ],
17 silly audit   '@jridgewell/gen-mapping': [ '0.3.13' ],
17 silly audit   '@jridgewell/remapping': [ '2.3.5' ],
17 silly audit   '@jridgewell/resolve-uri': [ '3.1.2' ],
17 silly audit   '@jridgewell/sourcemap-codec': [ '1.5.5' ],
17 silly audit   '@jridgewell/trace-mapping': [ '0.3.31' ],
17 silly audit   '@nodelib/fs.scandir': [ '2.1.5' ],
17 silly audit   '@nodelib/fs.stat': [ '2.0.5' ],
17 silly audit   '@nodelib/fs.walk': [ '1.2.8' ],
17 silly audit   '@rolldown/pluginutils': [ '1.0.0-beta.53' ],
17 silly audit   '@rollup/rollup-android-arm-eabi': [ '4.57.0' ],
17 silly audit   '@rollup/rollup-android-arm64': [ '4.57.0' ],
17 silly audit   '@rollup/rollup-darwin-arm64': [ '4.57.0' ],
17 silly audit   '@rollup/rollup-darwin-x64': [ '4.57.0' ],
17 silly audit   '@rollup/rollup-freebsd-arm64': [ '4.57.0' ],
17 silly audit   '@rollup/rollup-freebsd-x64': [ '4.57.0' ],
17 silly audit   '@rollup/rollup-linux-arm-gnueabihf': [ '4.57.0' ],
17 silly audit   '@rollup/rollup-linux-arm-musleabihf': [ '4.57.0' ],
17 silly audit   '@rollup/rollup-linux-arm64-gnu': [ '4.57.0' ],
17 silly audit   '@rollup/rollup-linux-arm64-musl': [ '4.57.0' ],
17 silly audit   '@rollup/rollup-linux-loong64-gnu': [ '4.57.0' ],
17 silly audit   '@rollup/rollup-linux-loong64-musl': [ '4.57.0' ],
17 silly audit   '@rollup/rollup-linux-ppc64-gnu': [ '4.57.0' ],
17 silly audit   '@rollup/rollup-linux-ppc64-musl': [ '4.57.0' ],
17 silly audit   '@rollup/rollup-linux-riscv64-gnu': [ '4.57.0' ],
17 silly audit   '@rollup/rollup-linux-riscv64-musl': [ '4.57.0' ],
17 silly audit   '@rollup/rollup-linux-s390x-gnu': [ '4.57.0' ],
17 silly audit   '@rollup/rollup-linux-x64-gnu': [ '4.57.0' ],
17 silly audit   '@rollup/rollup-linux-x64-musl': [ '4.57.0' ],
17 silly audit   '@rollup/rollup-openbsd-x64': [ '4.57.0' ],
17 silly audit   '@rollup/rollup-openharmony-arm64': [ '4.57.0' ],
17 silly audit   '@rollup/rollup-win32-arm64-msvc': [ '4.57.0' ],
17 silly audit   '@rollup/rollup-win32-ia32-msvc': [ '4.57.0' ],
17 silly audit   '@rollup/rollup-win32-x64-gnu': [ '4.57.0' ],
17 silly audit   '@rollup/rollup-win32-x64-msvc': [ '4.57.0' ],
17 silly audit   '@types/babel__core': [ '7.20.5' ],
17 silly audit   '@types/babel__generator': [ '7.27.0' ],
17 silly audit   '@types/babel__template': [ '7.4.4' ],
17 silly audit   '@types/babel__traverse': [ '7.28.0' ],
17 silly audit   '@types/estree': [ '1.0.8' ],
17 silly audit   '@types/json-schema': [ '7.0.15' ],
17 silly audit   '@types/node': [ '24.10.9' ],
17 silly audit   '@types/react': [ '19.2.10' ],
17 silly audit   '@types/react-dom': [ '19.2.3' ],
17 silly audit   '@typescript-eslint/eslint-plugin': [ '8.54.0' ],
17 silly audit   ignore: [ '7.0.5', '5.3.2' ],
17 silly audit   '@typescript-eslint/parser': [ '8.54.0' ],
17 silly audit   '@typescript-eslint/project-service': [ '8.54.0' ],
17 silly audit   '@typescript-eslint/scope-manager': [ '8.54.0' ],
17 silly audit   '@typescript-eslint/tsconfig-utils': [ '8.54.0' ],
17 silly audit   '@typescript-eslint/type-utils': [ '8.54.0' ],
17 silly audit   '@typescript-eslint/types': [ '8.54.0' ],
17 silly audit   '@typescript-eslint/typescript-estree': [ '8.54.0' ],
17 silly audit   'brace-expansion': [ '2.0.2', '1.1.12' ],
17 silly audit   minimatch: [ '9.0.5', '3.1.2' ],
17 silly audit   semver: [ '7.7.3', '6.3.1' ],
17 silly audit   '@typescript-eslint/utils': [ '8.54.0' ],
17 silly audit   '@typescript-eslint/visitor-keys': [ '8.54.0' ],
17 silly audit   '@vitejs/plugin-react': [ '5.1.2' ],
17 silly audit   acorn: [ '8.15.0' ],
17 silly audit   'acorn-jsx': [ '5.3.2' ],
17 silly audit   ajv: [ '6.12.6' ],
17 silly audit   'ansi-styles': [ '4.3.0' ],
17 silly audit   'any-promise': [ '1.3.0' ],
17 silly audit   anymatch: [ '3.1.3' ],
17 silly audit   picomatch: [ '2.3.1', '4.0.3' ],
17 silly audit   arg: [ '5.0.2' ],
17 silly audit   argparse: [ '2.0.1' ],
17 silly audit   autoprefixer: [ '10.4.23' ],
17 silly audit   'balanced-match': [ '1.0.2' ],
17 silly audit   'baseline-browser-mapping': [ '2.9.18' ],
17 silly audit   'binary-extensions': [ '2.3.0' ],
17 silly audit   braces: [ '3.0.3' ],
17 silly audit   browserslist: [ '4.28.1' ],
17 silly audit   callsites: [ '3.1.0' ],
17 silly audit   'camelcase-css': [ '2.0.1' ],
17 silly audit   'caniuse-lite': [ '1.0.30001766' ],
17 silly audit   chalk: [ '4.1.2' ],
17 silly audit   chokidar: [ '3.6.0' ],
17 silly audit   'glob-parent': [ '5.1.2', '6.0.2' ],
17 silly audit   clsx: [ '2.1.1' ],
17 silly audit   'color-convert': [ '2.0.1' ],
17 silly audit   'color-name': [ '1.1.4' ],
17 silly audit   commander: [ '4.1.1' ],
17 silly audit   'concat-map': [ '0.0.1' ],
17 silly audit   'convert-source-map': [ '2.0.0' ],
17 silly audit   'cross-spawn': [ '7.0.6' ],
17 silly audit   cssesc: [ '3.0.0' ],
17 silly audit   csstype: [ '3.2.3' ],
17 silly audit   debug: [ '4.4.3' ],
17 silly audit   'deep-is': [ '0.1.4' ],
17 silly audit   didyoumean: [ '1.2.2' ],
17 silly audit   dlv: [ '1.1.3' ],
17 silly audit   'electron-to-chromium': [ '1.5.279' ],
17 silly audit   esbuild: [ '0.27.2' ],
17 silly audit   escalade: [ '3.2.0' ],
17 silly audit   'escape-string-regexp': [ '4.0.0' ],
17 silly audit   eslint: [ '9.39.2' ],
17 silly audit   'eslint-plugin-react-hooks': [ '7.0.1' ],
17 silly audit   'eslint-plugin-react-refresh': [ '0.4.26' ],
17 silly audit   'eslint-scope': [ '8.4.0' ],
17 silly audit   espree: [ '10.4.0' ],
17 silly audit   esquery: [ '1.7.0' ],
17 silly audit   esrecurse: [ '4.3.0' ],
17 silly audit   estraverse: [ '5.3.0' ],
17 silly audit   esutils: [ '2.0.3' ],
17 silly audit   'fast-deep-equal': [ '3.1.3' ],
17 silly audit   'fast-glob': [ '3.3.3' ],
17 silly audit   'fast-json-stable-stringify': [ '2.1.0' ],
17 silly audit   'fast-levenshtein': [ '2.0.6' ],
17 silly audit   fastq: [ '1.20.1' ],
17 silly audit   fdir: [ '6.5.0' ],
17 silly audit   'file-entry-cache': [ '8.0.0' ],
17 silly audit   'fill-range': [ '7.1.1' ],
17 silly audit   'find-up': [ '5.0.0' ],
17 silly audit   'flat-cache': [ '4.0.1' ],
17 silly audit   flatted: [ '3.3.3' ],
17 silly audit   'fraction.js': [ '5.3.4' ],
17 silly audit   fsevents: [ '2.3.3' ],
17 silly audit   'function-bind': [ '1.1.2' ],
17 silly audit   gensync: [ '1.0.0-beta.2' ],
17 silly audit   'has-flag': [ '4.0.0' ],
17 silly audit   hasown: [ '2.0.2' ],
17 silly audit   'hermes-estree': [ '0.25.1' ],
17 silly audit   'hermes-parser': [ '0.25.1' ],
17 silly audit   'import-fresh': [ '3.3.1' ],
17 silly audit   imurmurhash: [ '0.1.4' ],
17 silly audit   'is-binary-path': [ '2.1.0' ],
17 silly audit   'is-core-module': [ '2.16.1' ],
17 silly audit   'is-extglob': [ '2.1.1' ],
17 silly audit   'is-glob': [ '4.0.3' ],
17 silly audit   'is-number': [ '7.0.0' ],
17 silly audit   isexe: [ '2.0.0' ],
17 silly audit   jiti: [ '1.21.7' ],
17 silly audit   'js-tokens': [ '4.0.0' ],
17 silly audit   'js-yaml': [ '4.1.1' ],
17 silly audit   jsesc: [ '3.1.0' ],
17 silly audit   'json-buffer': [ '3.0.1' ],
17 silly audit   'json-schema-traverse': [ '0.4.1' ],
17 silly audit   'json-stable-stringify-without-jsonify': [ '1.0.1' ],
17 silly audit   json5: [ '2.2.3' ],
17 silly audit   keyv: [ '4.5.4' ],
17 silly audit   levn: [ '0.4.1' ],
17 silly audit   lilconfig: [ '3.1.3' ],
17 silly audit   'lines-and-columns': [ '1.2.4' ],
17 silly audit   'locate-path': [ '6.0.0' ],
17 silly audit   'lodash.merge': [ '4.6.2' ],
17 silly audit   'lru-cache': [ '5.1.1' ],
17 silly audit   'lucide-react': [ '0.563.0' ],
17 silly audit   merge2: [ '1.4.1' ],
17 silly audit   micromatch: [ '4.0.8' ],
17 silly audit   ms: [ '2.1.3' ],
17 silly audit   mz: [ '2.7.0' ],
17 silly audit   nanoid: [ '3.3.11' ],
17 silly audit   'natural-compare': [ '1.4.0' ],
17 silly audit   'node-releases': [ '2.0.27' ],
17 silly audit   'normalize-path': [ '3.0.0' ],
17 silly audit   'object-assign': [ '4.1.1' ],
17 silly audit   'object-hash': [ '3.0.0' ],
17 silly audit   optionator: [ '0.9.4' ],
17 silly audit   'p-limit': [ '3.1.0' ],
17 silly audit   'p-locate': [ '5.0.0' ],
17 silly audit   'parent-module': [ '1.0.1' ],
17 silly audit   'path-exists': [ '4.0.0' ],
17 silly audit   'path-key': [ '3.1.1' ],
17 silly audit   'path-parse': [ '1.0.7' ],
17 silly audit   picocolors: [ '1.1.1' ],
17 silly audit   pify: [ '2.3.0' ],
17 silly audit   pirates: [ '4.0.7' ],
17 silly audit   postcss: [ '8.5.6' ],
17 silly audit   'postcss-import': [ '15.1.0' ],
17 silly audit   'postcss-js': [ '4.1.0' ],
17 silly audit   'postcss-load-config': [ '4.0.2' ],
17 silly audit   'postcss-nested': [ '6.2.0' ],
17 silly audit   'postcss-selector-parser': [ '6.1.2' ],
17 silly audit   'postcss-value-parser': [ '4.2.0' ],
17 silly audit   'prelude-ls': [ '1.2.1' ],
17 silly audit   punycode: [ '2.3.1' ],
17 silly audit   'queue-microtask': [ '1.2.3' ],
17 silly audit   react: [ '19.2.4' ],
17 silly audit   'react-dom': [ '19.2.4' ],
17 silly audit   'react-refresh': [ '0.18.0' ],
17 silly audit   'read-cache': [ '1.0.0' ],
17 silly audit   readdirp: [ '3.6.0' ],
17 silly audit   resolve: [ '1.22.11' ],
17 silly audit   'resolve-from': [ '4.0.0' ],
17 silly audit   reusify: [ '1.1.0' ],
17 silly audit   rollup: [ '4.57.0' ],
17 silly audit   'run-parallel': [ '1.2.0' ],
17 silly audit   scheduler: [ '0.27.0' ],
17 silly audit   'shebang-command': [ '2.0.0' ],
17 silly audit   'shebang-regex': [ '3.0.0' ],
17 silly audit   'source-map-js': [ '1.2.1' ],
17 silly audit   'strip-json-comments': [ '3.1.1' ],
17 silly audit   sucrase: [ '3.35.1' ],
17 silly audit   'supports-color': [ '7.2.0' ],
17 silly audit   'supports-preserve-symlinks-flag': [ '1.0.0' ],
17 silly audit   'tailwind-merge': [ '3.4.0' ],
17 silly audit   tailwindcss: [ '3.4.17' ],
17 silly audit   thenify: [ '3.3.1' ],
17 silly audit   'thenify-all': [ '1.6.0' ],
17 silly audit   tinyglobby: [ '0.2.15' ],
17 silly audit   'to-regex-range': [ '5.0.1' ],
17 silly audit   'ts-api-utils': [ '2.4.0' ],
17 silly audit   'ts-interface-checker': [ '0.1.13' ],
17 silly audit   'type-check': [ '0.4.0' ],
17 silly audit   typescript: [ '5.9.3' ],
17 silly audit   'typescript-eslint': [ '8.54.0' ],
17 silly audit   'undici-types': [ '7.16.0' ],
17 silly audit   'update-browserslist-db': [ '1.2.3' ],
17 silly audit   'uri-js': [ '4.4.1' ],
17 silly audit   'util-deprecate': [ '1.0.2' ],
17 silly audit   vite: [ '7.3.1' ],
17 silly audit   which: [ '2.0.2' ],
17 silly audit   'word-wrap': [ '1.2.5' ],
17 silly audit   yallist: [ '3.1.1' ],
17 silly audit   yaml: [ '2.8.2' ],
17 silly audit   'yocto-queue': [ '0.1.0' ],
17 silly audit   zod: [ '4.3.6' ],
17 silly audit   'zod-validation-error': [ '4.0.2' ]
17 silly audit }
18 http fetch POST 200 https://registry.npmjs.org/-/npm/v1/security/advisories/bulk 313ms
19 silly audit report {}
20 verbose cwd /Users/oz/src/Antigravity/dietRecipe2
21 verbose os Darwin 25.2.0
22 verbose node v25.4.0
23 verbose npm  v11.7.0
24 verbose exit 0
25 info ok
